<?xml version="1.0" encoding="UTF-8"?>
<testsuite xmlns:xsi="http://www.w3.org/2001/XMLSchema-instance" xsi:noNamespaceSchemaLocation="https://maven.apache.org/surefire/maven-surefire-plugin/xsd/surefire-test-report.xsd" version="3.0.2" name="com.mygradhub.mygradhub_parent.MygradhubParentApplicationTests" time="2.03" tests="1" errors="0" skipped="0" failures="0">
  <properties>
[...]
</properties>
  <testcase name="contextLoads" classname="com.mygradhub.mygradhub_parent.MygradhubParentApplicationTests" time="0.909">
    <system-out><![CDATA[09:41:52.718 [main] INFO org.springframework.test.context.support.AnnotationConfigContextLoaderUtils -- Could not detect default configuration classes for test class [com.mygradhub.mygradhub_parent.MygradhubParentApplicationTests]: MygradhubParentApplicationTests does not declare any static, non-private, non-final, nested classes annotated with @Configuration.
09:41:52.839 [main] INFO org.springframework.boot.test.context.SpringBootTestContextBootstrapper -- Found @SpringBootConfiguration com.mygradhub.mygradhub_parent.MygradhubParentApplication for test class com.mygradhub.mygradhub_parent.MygradhubParentApplicationTests

  .   ____          _            __ _ _
 /\\ / ___'_ __ _ _(_)_ __  __ _ \ \ \ \
( ( )\___ | '_ | '_| | '_ \/ _` | \ \ \ \
 \\/  ___)| |_)| | | | | || (_| |  ) ) ) )
  '  |____| .__|_| |_|_| |_\__, | / / / /
 =========|_|==============|___/=/_/_/_/

 :: Spring Boot ::                (v3.4.4)

2025-04-01T09:41:53.293-03:00  INFO 20128 --- [mygradhub-parent] [           main] c.m.m.MygradhubParentApplicationTests    : Starting MygradhubParentApplicationTests using Java 17.0.12 with PID 20128 (started by zuamir.oliveira in C:\Users\zuamir.oliveira\workspace_\mygradhub)
2025-04-01T09:41:53.295-03:00  INFO 20128 --- [mygradhub-parent] [           main] c.m.m.MygradhubParentApplicationTests    : No active profile set, falling back to 1 default profile: "default"
2025-04-01T09:41:53.679-03:00  INFO 20128 --- [mygradhub-parent] [           main] c.m.m.MygradhubParentApplicationTests    : Started MygradhubParentApplicationTests in 0.664 seconds (process running for 1.593)
]]></system-out>
  </testcase>
</testsuite>